<?xml version="1.0" encoding="UTF-8"?>
<!-- Generated by org.testng.reporters.JUnitReportReporter -->
<testsuite name="TestNG.CrossBrowserTesting" tests="1" time="1.000" ignored="0" failures="0" timestamp="20 Dec 2016 22:01:45 GMT" skipped="0" hostname="OM-URVA" errors="0">
  <testcase name="openapp" time="1.000" classname="TestNG.CrossBrowserTesting"/>
</testsuite> <!-- TestNG.CrossBrowserTesting -->
