<?xml version="1.0" encoding="UTF-8"?>
<!-- Generated by org.testng.reporters.JUnitReportReporter -->
<testsuite name="crossBrowser.VerifyTitle" tests="1" time="5.115" ignored="0" failures="0" timestamp="20 Dec 2016 21:46:50 GMT" skipped="0" hostname="OM-URVA" errors="0">
  <testcase name="verifypageTitle" time="5.115" classname="crossBrowser.VerifyTitle"/>
</testsuite> <!-- crossBrowser.VerifyTitle -->
