<?xml version="1.0" encoding="UTF-8"?>
<!-- Generated by org.testng.reporters.JUnitReportReporter -->
<testsuite name="TestNG.TestNgDemo1" tests="1" time="0.266" ignored="0" failures="0" timestamp="20 Dec 2016 18:54:37 GMT" skipped="0" hostname="OM-URVA" errors="0">
  <testcase name="clicklinktext" time="0.266" classname="TestNG.TestNgDemo1"/>
</testsuite> <!-- TestNG.TestNgDemo1 -->
