<?xml version="1.0" encoding="UTF-8"?>
<!-- Generated by org.testng.reporters.JUnitReportReporter -->
<testsuite name="TestNG.AllAnnotations" tests="2" time="0.007" ignored="0" failures="0" timestamp="20 Dec 2016 18:53:12 GMT" skipped="0" hostname="OM-URVA" errors="0">
  <testcase name="testapp1" time="0.005" classname="TestNG.AllAnnotations"/>
  <testcase name="testapp2" time="0.002" classname="TestNG.AllAnnotations"/>
</testsuite> <!-- TestNG.AllAnnotations -->
